<?xml version="1.0" encoding="UTF-8"?>
<robot generator="Robot 5.0.1 (Python 3.9.11 on win32)" generated="20220705 11:28:52.061" rpa="false" schemaversion="3">
<suite id="s1" name="Tests" source="C:\ProjetoUnityWeb\Tests">
<suite id="s1-s1" name="Test1" source="C:\ProjetoUnityWeb\Tests\test1.robot">
<kw name="Start Session" library="BasePage" type="SETUP">
<kw name="Open Browser" library="SeleniumLibrary">
<arg>about:blank</arg>
<arg>${BROWSER}</arg>
<doc>Opens a new browser instance to the optional ``url``.</doc>
<msg timestamp="20220705 11:28:52.236" level="INFO">Opening browser 'Chrome' to base url 'about:blank'.</msg>
<status status="PASS" starttime="20220705 11:28:52.236" endtime="20220705 11:28:53.646"/>
</kw>
<kw name="Go To" library="SeleniumLibrary">
<arg>${BASEURL}</arg>
<doc>Navigates the current browser window to the provided ``url``.</doc>
<msg timestamp="20220705 11:28:53.647" level="INFO">Opening url 'https://d2fnnoijlny9vq.cloudfront.net/'</msg>
<status status="PASS" starttime="20220705 11:28:53.646" endtime="20220705 11:28:55.869"/>
</kw>
<kw name="Get Title" library="SeleniumLibrary">
<var>${PageTitle}</var>
<doc>Returns the title of the current page.</doc>
<msg timestamp="20220705 11:28:55.873" level="INFO">${PageTitle} = Unity WebGL Player | SmartThingsDemo</msg>
<status status="PASS" starttime="20220705 11:28:55.869" endtime="20220705 11:28:55.873"/>
</kw>
<kw name="Log" library="BuiltIn">
<arg>${PageTitle}</arg>
<doc>Logs the given message with the given level.</doc>
<msg timestamp="20220705 11:28:55.874" level="INFO">Unity WebGL Player | SmartThingsDemo</msg>
<status status="PASS" starttime="20220705 11:28:55.874" endtime="20220705 11:28:55.874"/>
</kw>
<kw name="Sleep" library="BuiltIn">
<arg>5</arg>
<doc>Pauses the test executed for the given time.</doc>
<msg timestamp="20220705 11:29:00.875" level="INFO">Slept 5 seconds</msg>
<status status="PASS" starttime="20220705 11:28:55.874" endtime="20220705 11:29:00.875"/>
</kw>
<status status="PASS" starttime="20220705 11:28:52.236" endtime="20220705 11:29:00.875"/>
</kw>
<test id="s1-s1-t1" name="Scenario 1 - Test Tutorial" line="7">
<kw name="Given acesso a pagina" library="TutorialPage">
<kw name="Sleep" library="BuiltIn">
<arg>5</arg>
<doc>Pauses the test executed for the given time.</doc>
<msg timestamp="20220705 11:29:05.887" level="INFO">Slept 5 seconds</msg>
<status status="PASS" starttime="20220705 11:29:00.878" endtime="20220705 11:29:05.887"/>
</kw>
<status status="PASS" starttime="20220705 11:29:00.877" endtime="20220705 11:29:05.887"/>
</kw>
<kw name="Then verifico a pagina de tutorial" library="TutorialPage">
<kw name="Wait Until Element Is Visible" library="SeleniumLibrary">
<arg>${samImg}</arg>
<doc>Waits until the element ``locator`` is visible.</doc>
<status status="PASS" starttime="20220705 11:29:05.888" endtime="20220705 11:29:05.973"/>
</kw>
<status status="PASS" starttime="20220705 11:29:05.888" endtime="20220705 11:29:05.973"/>
</kw>
<status status="PASS" starttime="20220705 11:29:00.876" endtime="20220705 11:29:05.974"/>
</test>
<kw name="Close Session" library="BasePage" type="TEARDOWN">
<kw name="Capture Page Screenshot" library="SeleniumLibrary">
<doc>Takes a screenshot of the current page and embeds it into a log file.</doc>
<msg timestamp="20220705 11:29:06.642" level="INFO" html="true">&lt;/td&gt;&lt;/tr&gt;&lt;tr&gt;&lt;td colspan="3"&gt;&lt;a href="selenium-screenshot-1.png"&gt;&lt;img src="selenium-screenshot-1.png" width="800px"&gt;&lt;/a&gt;</msg>
<status status="PASS" starttime="20220705 11:29:05.978" endtime="20220705 11:29:06.642"/>
</kw>
<kw name="Close Browser" library="SeleniumLibrary">
<doc>Closes the current browser.</doc>
<status status="PASS" starttime="20220705 11:29:06.643" endtime="20220705 11:29:08.758"/>
</kw>
<status status="PASS" starttime="20220705 11:29:05.977" endtime="20220705 11:29:08.758"/>
</kw>
<status status="PASS" starttime="20220705 11:28:52.080" endtime="20220705 11:29:08.758"/>
</suite>
<status status="PASS" starttime="20220705 11:28:52.062" endtime="20220705 11:29:08.761"/>
</suite>
<statistics>
<total>
<stat pass="1" fail="0" skip="0">All Tests</stat>
</total>
<tag>
</tag>
<suite>
<stat pass="1" fail="0" skip="0" id="s1" name="Tests">Tests</stat>
<stat pass="1" fail="0" skip="0" id="s1-s1" name="Test1">Tests.Test1</stat>
</suite>
</statistics>
<errors>
<msg timestamp="20220705 11:28:52.083" level="ERROR">Error in file 'C:\ProjetoUnityWeb\Resources\BasePage.robot' on line 2: Non-existing setting '[Documentation]'. Did you mean:
    Documentation</msg>
</errors>
</robot>
